<?xml version="1.0" encoding="UTF-8" ?>
<testsuite failures="0" time="0.003" errors="0" skipped="0" tests="4" name="uk.co.smartkey.chorus.tools.CommandLineParserTest">
  <properties>
[...]
</properties>
  <testcase time="0" classname="uk.co.smartkey.chorus.tools.CommandLineParserTest" name="testArgWithNoValues"/>
  <testcase time="0" classname="uk.co.smartkey.chorus.tools.CommandLineParserTest" name="testArgWithSingleValue"/>
  <testcase time="0.001" classname="uk.co.smartkey.chorus.tools.CommandLineParserTest" name="testValueOfWithSingleArg"/>
  <testcase time="0" classname="uk.co.smartkey.chorus.tools.CommandLineParserTest" name="testArgWithMultipleValues"/>
</testsuite>